<?xml version="1.0" encoding="UTF-8"?>
<testsuite xmlns:xsi="http://www.w3.org/2001/XMLSchema-instance" xsi:schemaLocation="https://maven.apache.org/surefire/maven-surefire-plugin/xsd/surefire-test-report.xsd" name="anwkernel.RunCucumberTest" time="9.786" tests="3" errors="0" skipped="0" failures="0">
  <properties>
[...]
</properties>
  <testcase name="Verification of Reset button" classname="API and Web Cucumber software growth" time="3.948"/>
  <testcase name="Looking for the Cheese" classname="API and Web Cucumber software growth" time="5.4"/>
  <testcase name="looking for an api scenario" classname="API and Web Cucumber software growth" time="0.001"/>
</testsuite>